Arguments: 
  C:\Program Files\nodejs\node.exe C:\Users\prith\AppData\Roaming\npm\node_modules\yarn\bin\yarn.js add @babel/present-react

PATH: 
  C:\Users\prith\bin;C:\Program Files\Git\mingw64\bin;C:\Program Files\Git\usr\local\bin;C:\Program Files\Git\usr\bin;C:\Program Files\Git\usr\bin;C:\Program Files\Git\mingw64\bin;C:\Program Files\Git\usr\bin;C:\Users\prith\bin;C:\Users\prith\AppData\Local\Programs\Python\Python310\Scripts;C:\Users\prith\AppData\Local\Programs\Python\Python310;C:\Program Files (x86)\Common Files\Oracle\Java\javapath;C:\WINDOWS\system32;C:\WINDOWS;C:\WINDOWS\System32\Wbem;C:\WINDOWS\System32\WindowsPowerShell\v1.0;C:\WINDOWS\System32\OpenSSH;C:\Program Files\MATLAB\R2019b\bin;C:\Program Files\PuTTY;C:\Program Files\dotnet;C:\ProgramData\chocolatey\bin;C:\Program Files\Git\cmd;C:\Program Files\nodejs;C:\Program Files\OpenJDK\openjdk-11.0.16_8\bin;C:\Program Files\Git LFS;C:\Users\prith\AppData\Local\Microsoft\WindowsApps;C:\Users\prith\AppData\Local\Programs\Microsoft VS Code\bin;C:\Users\prith\AppData\Local\GitHubDesktop\bin;C:\Users\prith\Downloads\gradle-6.3-bin\gradle-6.3\bin;C:\Users\prith\AppData\Local\Microsoft\WindowsApps;C:\Users\prith\.dotnet\tools;C:\Users\prith\AppData\Roaming\npm;C:\Users\prith\AppData\Local\Android\Sdk\platform-tools;C:\Program Files\Git\usr\bin\vendor_perl;C:\Program Files\Git\usr\bin\core_perl

Yarn version: 
  1.22.19

Node version: 
  16.17.0

Platform: 
  win32 x64

Trace: 
  Error: https://registry.yarnpkg.com/@babel%2fpresent-react: Not found
      at Request.params.callback [as _callback] (C:\Users\prith\AppData\Roaming\npm\node_modules\yarn\lib\cli.js:66145:18)
      at Request.self.callback (C:\Users\prith\AppData\Roaming\npm\node_modules\yarn\lib\cli.js:140890:22)
      at Request.emit (node:events:513:28)
      at Request.<anonymous> (C:\Users\prith\AppData\Roaming\npm\node_modules\yarn\lib\cli.js:141862:10)
      at Request.emit (node:events:513:28)
      at IncomingMessage.<anonymous> (C:\Users\prith\AppData\Roaming\npm\node_modules\yarn\lib\cli.js:141784:12)
      at Object.onceWrapper (node:events:627:28)
      at IncomingMessage.emit (node:events:525:35)
      at endReadableNT (node:internal/streams/readable:1358:12)
      at processTicksAndRejections (node:internal/process/task_queues:83:21)

npm manifest: 
  {
    "name": "workshopfinance",
    "version": "1.0.0",
    "main": "node_modules/expo/AppEntry.js",
    "scripts": {
      "start": "expo start",
      "android": "expo start --android",
      "ios": "expo start --ios",
      "web": "expo start --web"
    },
    "dependencies": {
      "@react-native-community/masked-view": "^0.1.11",
      "@react-navigation/native": "^6.0.13",
      "@react-navigation/native-stack": "^6.9.1",
      "bootstrap": "^5.2.2",
      "expo": "~46.0.16",
      "expo-status-bar": "~1.4.0",
      "react": "18.0.0",
      "react-bootstrap": "^2.6.0",
      "react-native": "0.69.6",
      "react-native-gesture-handler": "~2.5.0",
      "react-native-reanimated": "~2.9.1",
      "react-native-safe-area-context": "4.3.1",
      "react-native-screens": "~3.15.0",
      "react-navigation": "^4.4.4"
    },
    "devDependencies": {
      "@babel/core": "^7.18.6",
      "@types/react": "~18.0.0",
      "@types/react-native": "~0.69.1",
      "typescript": "^4.6.3"
    },
    "private": true
  }

yarn manifest: 
  No manifest

Lockfile: 
  No lockfile
